<?xml version="1.0" encoding="UTF-8"?>
<!-- Generated by org.testng.reporters.JUnitReportReporter -->
<testsuite skipped="0" hostname="DESKTOP-7S3C425" name="org.testNGEx3.ParametersEx2" tests="1" failures="0" timestamp="2022-05-17T00:35:17 IST" time="17.969" errors="0">
  <testcase name="loginMethod" time="17.969" classname="org.testNGEx3.ParametersEx2"/>
  <system-out/>
</testsuite> <!-- org.testNGEx3.ParametersEx2 -->
