<?xml version="1.0" encoding="UTF-8"?>
<!-- Generated by org.testng.reporters.JUnitReportReporter -->
<testsuite skipped="0" hostname="DESKTOP-7S3C425" name="org.testNGEx1.PriorityEx" tests="6" failures="0" timestamp="2022-05-15T00:58:38 IST" time="0.045" errors="0">
  <testcase name="login" time="0.020" classname="org.testNGEx1.PriorityEx"/>
  <system-out/>
  <testcase name="createcust" time="0.004" classname="org.testNGEx1.PriorityEx"/>
  <system-out/>
  <testcase name="Createcust" time="0.007" classname="org.testNGEx1.PriorityEx"/>
  <system-out/>
  <testcase name="Updatecust" time="0.004" classname="org.testNGEx1.PriorityEx"/>
  <system-out/>
  <testcase name="updatecust" time="0.006" classname="org.testNGEx1.PriorityEx"/>
  <system-out/>
  <testcase name="logout" time="0.004" classname="org.testNGEx1.PriorityEx"/>
  <system-out/>
</testsuite> <!-- org.testNGEx1.PriorityEx -->
