<?xml version="1.0" encoding="UTF-8"?>
<!-- Generated by org.testng.reporters.JUnitReportReporter -->
<testsuite skipped="0" hostname="DESKTOP-7S3C425" name="org.testNGEx2.CustomerManager1" tests="3" failures="0" timestamp="2022-05-16T17:04:03 IST" time="0.020" errors="0">
  <testcase name="createCustomer" time="0.013" classname="org.testNGEx2.CustomerManager1"/>
  <system-out/>
  <testcase name="deleteCustomer" time="0.004" classname="org.testNGEx2.CustomerManager1"/>
  <system-out/>
  <testcase name="updateCustomer" time="0.003" classname="org.testNGEx2.CustomerManager1"/>
  <system-out/>
</testsuite> <!-- org.testNGEx2.CustomerManager1 -->
