<?xml version="1.0" encoding="UTF-8"?>
<!-- Generated by org.testng.reporters.JUnitReportReporter -->
<testsuite skipped="0" hostname="DESKTOP-7S3C425" name="org.testNGEx2.AccountManager1" tests="3" failures="0" timestamp="2022-05-16T17:04:03 IST" time="0.019" errors="0">
  <testcase name="updateAccount" time="0.004" classname="org.testNGEx2.AccountManager1"/>
  <system-out/>
  <testcase name="deleteAccount" time="0.008" classname="org.testNGEx2.AccountManager1"/>
  <system-out/>
  <testcase name="createAccount" time="0.007" classname="org.testNGEx2.AccountManager1"/>
  <system-out/>
</testsuite> <!-- org.testNGEx2.AccountManager1 -->
