<?xml version="1.0" encoding="UTF-8"?>
<!-- Generated by org.testng.reporters.JUnitReportReporter -->
<testsuite skipped="0" hostname="DESKTOP-7S3C425" name="org.testNGEx2.CustPara" tests="3" failures="0" timestamp="2022-05-17T15:07:24 IST" time="0.043" errors="0">
  <testcase name="updateCustomer" time="0.006" classname="org.testNGEx2.CustPara"/>
  <system-out/>
  <testcase name="deleteCustomer" time="0.007" classname="org.testNGEx2.CustPara"/>
  <system-out/>
  <testcase name="createCustomer" time="0.030" classname="org.testNGEx2.CustPara"/>
  <system-out/>
</testsuite> <!-- org.testNGEx2.CustPara -->
