<?xml version="1.0" encoding="UTF-8"?>
<!-- Generated by org.testng.reporters.JUnitReportReporter -->
<testsuite skipped="0" hostname="DESKTOP-7S3C425" name="org.testNGEx2.CustomerManager2" tests="3" failures="0" timestamp="2022-05-16T17:06:53 IST" time="0.017" errors="0">
  <testcase name="updateCustomer" time="0.003" classname="org.testNGEx2.CustomerManager2"/>
  <system-out/>
  <testcase name="createCustomer" time="0.011" classname="org.testNGEx2.CustomerManager2"/>
  <system-out/>
  <testcase name="deleteCustomer" time="0.003" classname="org.testNGEx2.CustomerManager2"/>
  <system-out/>
</testsuite> <!-- org.testNGEx2.CustomerManager2 -->
