<?xml version="1.0" encoding="UTF-8"?>
<!-- Generated by org.testng.reporters.JUnitReportReporter -->
<testsuite skipped="0" hostname="DESKTOP-7S3C425" name="org.testNGEx2.ParallelEx" tests="2" failures="0" timestamp="2022-05-17T14:20:36 IST" time="49.890" errors="0">
  <testcase name="edgeLogin" time="30.929" classname="org.testNGEx2.ParallelEx"/>
  <system-out/>
  <testcase name="chromeLogin" time="18.961" classname="org.testNGEx2.ParallelEx"/>
  <system-out/>
</testsuite> <!-- org.testNGEx2.ParallelEx -->
