<?xml version="1.0" encoding="UTF-8"?>
<!-- Generated by org.testng.reporters.JUnitReportReporter -->
<testsuite skipped="0" hostname="DESKTOP-7S3C425" name="org.testNGEx3.InvocationEx3" tests="3" failures="0" timestamp="2022-05-16T16:44:25 IST" time="55.354" errors="0">
  <testcase name="login" time="18.558" classname="org.testNGEx3.InvocationEx3"/>
  <system-out/>
  <testcase name="login" time="18.500" classname="org.testNGEx3.InvocationEx3"/>
  <system-out/>
  <testcase name="login" time="18.296" classname="org.testNGEx3.InvocationEx3"/>
  <system-out/>
</testsuite> <!-- org.testNGEx3.InvocationEx3 -->
