<?xml version="1.0" encoding="UTF-8"?>
<!-- Generated by org.testng.reporters.JUnitReportReporter -->
<testsuite skipped="0" hostname="DESKTOP-7S3C425" name="org.testNGEx3.GroupingEx" tests="4" failures="0" timestamp="2022-05-17T12:42:15 IST" time="0.032" errors="0">
  <testcase name="test7" time="0.003" classname="org.testNGEx3.GroupingEx"/>
  <system-out/>
  <testcase name="test8" time="0.006" classname="org.testNGEx3.GroupingEx"/>
  <system-out/>
  <testcase name="test6" time="0.003" classname="org.testNGEx3.GroupingEx"/>
  <system-out/>
  <testcase name="test3" time="0.020" classname="org.testNGEx3.GroupingEx"/>
  <system-out/>
</testsuite> <!-- org.testNGEx3.GroupingEx -->
