<?xml version="1.0" encoding="UTF-8"?>
<!-- Generated by org.testng.reporters.JUnitReportReporter -->
<testsuite skipped="0" hostname="DESKTOP-7S3C425" name="org.pomTestCases.LoginTestCase" tests="2" failures="0" timestamp="2022-06-08T13:26:44 IST" time="46.458" errors="0">
  <testcase name="verifyLoginPage" time="32.354" classname="org.pomTestCases.LoginTestCase"/>
  <system-out/>
  <testcase name="login" time="14.104" classname="org.pomTestCases.LoginTestCase"/>
  <system-out/>
</testsuite> <!-- org.pomTestCases.LoginTestCase -->
