<?xml version="1.0" encoding="UTF-8"?>
<!-- Generated by org.testng.reporters.JUnitReportReporter -->
<testsuite skipped="0" hostname="DESKTOP-7S3C425" name="org.testNGEx1.ActiveTimeLogin1" tests="3" failures="0" timestamp="2022-05-15T13:44:35 IST" time="18.037" errors="0">
  <testcase name="openBrowser" time="13.676" classname="org.testNGEx1.ActiveTimeLogin1"/>
  <system-out/>
  <testcase name="doLogin" time="0.782" classname="org.testNGEx1.ActiveTimeLogin1"/>
  <system-out/>
  <testcase name="doLogout" time="3.579" classname="org.testNGEx1.ActiveTimeLogin1"/>
  <system-out/>
</testsuite> <!-- org.testNGEx1.ActiveTimeLogin1 -->
