<?xml version="1.0" encoding="UTF-8"?>
<!-- Generated by org.testng.reporters.JUnitReportReporter -->
<testsuite skipped="0" hostname="DESKTOP-7S3C425" name="org.testNGEx1.Ex1" tests="4" failures="0" timestamp="2022-05-14T23:42:11 IST" time="0.039" errors="0">
  <testcase name="testMethod2" time="0.004" classname="org.testNGEx1.Ex1"/>
  <system-out/>
  <testcase name="testMethod4" time="0.003" classname="org.testNGEx1.Ex1"/>
  <system-out/>
  <testcase name="testMethod3" time="0.008" classname="org.testNGEx1.Ex1"/>
  <system-out/>
  <testcase name="testMethod1" time="0.024" classname="org.testNGEx1.Ex1"/>
  <system-out/>
</testsuite> <!-- org.testNGEx1.Ex1 -->
