<?xml version="1.0" encoding="UTF-8"?>
<!-- Generated by org.testng.reporters.JUnitReportReporter -->
<testsuite skipped="0" hostname="DESKTOP-7S3C425" name="org.testNGEx2.AccountManager2" tests="3" failures="0" timestamp="2022-05-16T17:06:53 IST" time="0.009" errors="0">
  <testcase name="deleteAccount" time="0.004" classname="org.testNGEx2.AccountManager2"/>
  <system-out/>
  <testcase name="createAccount" time="0.002" classname="org.testNGEx2.AccountManager2"/>
  <system-out/>
  <testcase name="updateAccount" time="0.003" classname="org.testNGEx2.AccountManager2"/>
  <system-out/>
</testsuite> <!-- org.testNGEx2.AccountManager2 -->
