<?xml version="1.0" encoding="UTF-8"?>
<!-- Generated by org.testng.reporters.JUnitReportReporter -->
<testsuite skipped="0" hostname="DESKTOP-7S3C425" name="org.testNGEx1.Ex2" tests="2" failures="0" timestamp="2022-05-14T23:44:35 IST" time="0.024" errors="0">
  <testcase name="testMethod3" time="0.003" classname="org.testNGEx1.Ex2"/>
  <system-out/>
  <testcase name="testMethod1" time="0.021" classname="org.testNGEx1.Ex2"/>
  <system-out/>
</testsuite> <!-- org.testNGEx1.Ex2 -->
