<?xml version="1.0" encoding="UTF-8"?>
<!-- Generated by org.testng.reporters.JUnitReportReporter -->
<testsuite skipped="1" hostname="DESKTOP-7S3C425" name="org.testNGEx3.EnabledEx" tests="5" failures="0" timestamp="2022-05-17T12:20:59 IST" time="0.033" errors="0">
  <testcase name="login" time="0.020" classname="org.testNGEx3.EnabledEx"/>
  <system-out/>
  <testcase name="createCust" time="0.004" classname="org.testNGEx3.EnabledEx"/>
  <system-out/>
  <testcase name="updateCust" time="0.003" classname="org.testNGEx3.EnabledEx"/>
  <system-out/>
  <testcase name="logout" time="0.006" classname="org.testNGEx3.EnabledEx"/>
  <system-out/>
  <testcase name="deleteCust" classname="org.testNGEx3.EnabledEx">
    <skipped/>
  </testcase> <!-- deleteCust -->
  <system-out/>
</testsuite> <!-- org.testNGEx3.EnabledEx -->
