<?xml version="1.0" encoding="UTF-8"?>
<!-- Generated by org.testng.reporters.JUnitReportReporter -->
<testsuite skipped="0" hostname="DESKTOP-7S3C425" name="org.testNGEx3.DataProviderEx" tests="3" failures="0" timestamp="2022-05-16T17:48:42 IST" time="40.429" errors="0">
  <testcase name="login" time="13.378" classname="org.testNGEx3.DataProviderEx"/>
  <system-out/>
  <testcase name="login" time="15.099" classname="org.testNGEx3.DataProviderEx"/>
  <system-out/>
  <testcase name="login" time="11.952" classname="org.testNGEx3.DataProviderEx"/>
  <system-out/>
</testsuite> <!-- org.testNGEx3.DataProviderEx -->
